  Animation.cpp
C:\Users\Owner\OneDrive\Documents\GitHub\groupproject-mgp-mother-trucker-delivery-service\game-engine\NIJ Game Engine\NIJ Game Engine\Animation.cpp(16): warning C4244: 'argument': conversion from 'float' to 'int', possible loss of data
  Camera.cpp
  Character.cpp
  Game.cpp
  GameObject.cpp
  Input.cpp
  IObject.cpp
  Layer.cpp
  main.cpp
  MainCharacter.cpp
  Map.cpp
  Rigidbody.cpp
  TextureManager.cpp
  Timer.cpp
C:\Users\Owner\OneDrive\Documents\GitHub\groupproject-mgp-mother-trucker-delivery-service\game-engine\NIJ Game Engine\NIJ Game Engine\Timer.cpp(14): warning C4244: '=': conversion from 'Uint32' to 'float', possible loss of data
  Transform.cpp
  Vector2D.cpp
  Generating Code...
  NIJ Game Engine.vcxproj -> C:\Users\Owner\OneDrive\Documents\GitHub\groupproject-mgp-mother-trucker-delivery-service\game-engine\NIJ Game Engine\Debug\NIJ Game Engine.exe
